[13-Aug-2025 14:56:08 Africa/Lusaka] PHP Warning:  Constant BUFFALO_SECURE_ACCESS already defined in C:\wamp64\www\buffalo-marathon\index.php on line 7
[13-Aug-2025 14:56:08 Africa/Lusaka] PHP Stack trace:
[13-Aug-2025 14:56:08 Africa/Lusaka] PHP   1. {main}() C:\wamp64\www\buffalo-marathon\error_diagnostic.php:0
[13-Aug-2025 14:56:08 Africa/Lusaka] PHP   2. include() C:\wamp64\www\buffalo-marathon\error_diagnostic.php:81
[13-Aug-2025 14:57:41 Africa/Lusaka] Error getting registration stats: SQLSTATE[42S02]: Base table or view not found: 1146 Table 'buffalo_marathon.payments' doesn't exist
[13-Aug-2025 14:57:42 Africa/Lusaka] Error fetching categories: SQLSTATE[42S22]: Column not found: 1054 Unknown column 'price' in 'order clause'
[13-Aug-2025 14:57:42 Africa/Lusaka] Error fetching announcements: SQLSTATE[42S22]: Column not found: 1054 Unknown column 'type' in 'field list'
[13-Aug-2025 14:57:42 Africa/Lusaka] PHP Fatal error:  Uncaught Error: Call to undefined function getSetting() in C:\wamp64\www\buffalo-marathon\includes\footer.php:91
Stack trace:
#0 C:\wamp64\www\buffalo-marathon\index.php(421): include()
#1 {main}
  thrown in C:\wamp64\www\buffalo-marathon\includes\footer.php on line 91
[13-Aug-2025 14:57:43 Africa/Lusaka] PHP Warning:  Constant BUFFALO_SECURE_ACCESS already defined in C:\wamp64\www\buffalo-marathon\index.php on line 7
[13-Aug-2025 14:57:43 Africa/Lusaka] PHP Stack trace:
[13-Aug-2025 14:57:43 Africa/Lusaka] PHP   1. {main}() C:\wamp64\www\buffalo-marathon\error_diagnostic.php:0
[13-Aug-2025 14:57:43 Africa/Lusaka] PHP   2. include() C:\wamp64\www\buffalo-marathon\error_diagnostic.php:81
[13-Aug-2025 14:57:43 Africa/Lusaka] Error getting registration stats: SQLSTATE[42S02]: Base table or view not found: 1146 Table 'buffalo_marathon.payments' doesn't exist
[13-Aug-2025 14:57:43 Africa/Lusaka] Error fetching categories: SQLSTATE[42S22]: Column not found: 1054 Unknown column 'price' in 'order clause'
[13-Aug-2025 14:57:43 Africa/Lusaka] Error fetching announcements: SQLSTATE[42S22]: Column not found: 1054 Unknown column 'type' in 'field list'
[13-Aug-2025 14:57:59 Africa/Lusaka] Error getting registration stats: SQLSTATE[42S02]: Base table or view not found: 1146 Table 'buffalo_marathon.payments' doesn't exist
[13-Aug-2025 14:57:59 Africa/Lusaka] Error fetching categories: SQLSTATE[42S22]: Column not found: 1054 Unknown column 'price' in 'order clause'
[13-Aug-2025 14:57:59 Africa/Lusaka] Error fetching announcements: SQLSTATE[42S22]: Column not found: 1054 Unknown column 'type' in 'field list'
[13-Aug-2025 14:58:05 Africa/Lusaka] PHP Fatal error:  Uncaught Error: Call to undefined function getSetting() in C:\wamp64\www\buffalo-marathon\includes\footer.php:91
Stack trace:
#0 C:\wamp64\www\buffalo-marathon\index.php(421): include()
#1 {main}
  thrown in C:\wamp64\www\buffalo-marathon\includes\footer.php on line 91
[13-Aug-2025 14:58:57 Africa/Lusaka] Dashboard registration fetch error: SQLSTATE[42S22]: Column not found: 1054 Unknown column 'c.price' in 'field list'
[13-Aug-2025 14:58:58 Africa/Lusaka] Dashboard announcements fetch error: SQLSTATE[42S22]: Column not found: 1054 Unknown column 'type' in 'field list'
[13-Aug-2025 14:58:58 Africa/Lusaka] PHP Fatal error:  Uncaught Error: Call to undefined function getAllFlashMessages() in C:\wamp64\www\buffalo-marathon\dashboard.php:252
Stack trace:
#0 {main}
  thrown in C:\wamp64\www\buffalo-marathon\dashboard.php on line 252
[13-Aug-2025 15:00:16 Africa/Lusaka] Error getting registration stats: SQLSTATE[42S02]: Base table or view not found: 1146 Table 'buffalo_marathon.payments' doesn't exist
[13-Aug-2025 15:00:16 Africa/Lusaka] Error fetching categories: SQLSTATE[42S22]: Column not found: 1054 Unknown column 'price' in 'order clause'
[13-Aug-2025 15:00:16 Africa/Lusaka] Error fetching announcements: SQLSTATE[42S22]: Column not found: 1054 Unknown column 'type' in 'field list'
[13-Aug-2025 15:00:42 Africa/Lusaka] Dashboard registration fetch error: SQLSTATE[42S22]: Column not found: 1054 Unknown column 'c.price' in 'field list'
[13-Aug-2025 15:00:42 Africa/Lusaka] Dashboard announcements fetch error: SQLSTATE[42S22]: Column not found: 1054 Unknown column 'type' in 'field list'
[13-Aug-2025 15:00:42 Africa/Lusaka] PHP Fatal error:  Uncaught Error: Call to undefined function getAllFlashMessages() in C:\wamp64\www\buffalo-marathon\dashboard.php:252
Stack trace:
#0 {main}
  thrown in C:\wamp64\www\buffalo-marathon\dashboard.php on line 252
